[debug] [2021-04-06T23:42:59.542Z] ----------------------------------------------------------------------
[debug] [2021-04-06T23:42:59.544Z] Command:       C:\Program Files\nodejs\node.exe C:\Users\Dawid\AppData\Roaming\npm\node_modules\firebase-tools\lib\bin\firebase.js emulators:start
[debug] [2021-04-06T23:42:59.544Z] CLI Version:   9.8.0
[debug] [2021-04-06T23:42:59.544Z] Platform:      win32
[debug] [2021-04-06T23:42:59.544Z] Node Version:  v12.18.3
[debug] [2021-04-06T23:42:59.545Z] Time:          Wed Apr 07 2021 01:42:59 GMT+0200 (GMT+02:00)
[debug] [2021-04-06T23:42:59.545Z] ----------------------------------------------------------------------
[debug] 
[debug] [2021-04-06T23:42:59.551Z] > command requires scopes: ["email","openid","https://www.googleapis.com/auth/cloudplatformprojects.readonly","https://www.googleapis.com/auth/firebase","https://www.googleapis.com/auth/cloud-platform"]
[debug] [2021-04-06T23:42:59.551Z] > authorizing via signed-in user
[info] i  emulators: Starting emulators: functions, hosting {"metadata":{"emulator":{"name":"hub"},"message":"Starting emulators: functions, hosting"}}
[debug] [2021-04-06T23:43:01.594Z] [hub] writing locator at C:\Users\Dawid\AppData\Local\Temp\hub-clone-ba7cf.json
[warn] !  functions: The following emulators are not running, calls to these services from the Functions emulator will affect production: auth, firestore, database, pubsub {"metadata":{"emulator":{"name":"functions"},"message":"The following emulators are not running, calls to these services from the Functions emulator will affect production: \u001b[1mauth, firestore, database, pubsub\u001b[22m"}}
[info] +  functions: Using node@12 from host. {"metadata":{"emulator":{"name":"functions"},"message":"Using node@12 from host."}}
[debug] [2021-04-06T23:43:03.643Z] defaultcredentials: writing to file C:\Users\Dawid\AppData\Roaming\firebase\dawidspisak_gmail_com_application_default_credentials.json
[debug] [2021-04-06T23:43:03.646Z] Setting GAC to C:\Users\Dawid\AppData\Roaming\firebase\dawidspisak_gmail_com_application_default_credentials.json {"metadata":{"emulator":{"name":"functions"},"message":"Setting GAC to C:\\Users\\Dawid\\AppData\\Roaming\\firebase\\dawidspisak_gmail_com_application_default_credentials.json"}}
[debug] [2021-04-06T23:43:03.648Z] >>> [apiv2][query] GET https://firebase.googleapis.com/v1beta1/projects/clone-ba7cf/adminSdkConfig [none]
[debug] [2021-04-06T23:43:04.094Z] <<< [apiv2][status] GET https://firebase.googleapis.com/v1beta1/projects/clone-ba7cf/adminSdkConfig 200
[debug] [2021-04-06T23:43:04.094Z] <<< [apiv2][body] GET https://firebase.googleapis.com/v1beta1/projects/clone-ba7cf/adminSdkConfig {"projectId":"clone-ba7cf","storageBucket":"clone-ba7cf.appspot.com"}
[debug] [2021-04-06T23:43:06.137Z] >>> [apiv2][query] GET https://firebase.googleapis.com/v1beta1/projects/clone-ba7cf/webApps/-/config [none]
[debug] [2021-04-06T23:43:07.291Z] <<< [apiv2][status] GET https://firebase.googleapis.com/v1beta1/projects/clone-ba7cf/webApps/-/config 200
[debug] [2021-04-06T23:43:07.291Z] <<< [apiv2][body] GET https://firebase.googleapis.com/v1beta1/projects/clone-ba7cf/webApps/-/config {"projectId":"clone-ba7cf","appId":"1:280619628129:web:0df730de373b283cc4dc20","storageBucket":"clone-ba7cf.appspot.com","apiKey":"AIzaSyDueZxo2G9z3EOBHxUxZJE3zuX5f4cLZWc","authDomain":"clone-ba7cf.firebaseapp.com","messagingSenderId":"280619628129","measurementId":"G-ENFYX9LR2R"}
[info] i  hosting: Serving hosting files from: build {"metadata":{"emulator":{"name":"hosting"},"message":"Serving hosting files from: \u001b[1mbuild\u001b[22m"}}
[info] +  hosting: Local server: http://localhost:5000 {"metadata":{"emulator":{"name":"hosting"},"message":"Local server: \u001b[4m\u001b[1mhttp://localhost:5000\u001b[22m\u001b[24m"}}
[debug] [2021-04-06T23:43:11.363Z] Ignoring unsupported arg: auto_download {"metadata":{"emulator":{"name":"ui"},"message":"Ignoring unsupported arg: auto_download"}}
[debug] [2021-04-06T23:43:11.364Z] Ignoring unsupported arg: port {"metadata":{"emulator":{"name":"ui"},"message":"Ignoring unsupported arg: port"}}
[debug] [2021-04-06T23:43:11.364Z] Starting Emulator UI with command {"binary":"node","args":["C:\\Users\\Dawid\\.cache\\firebase\\emulators\\ui-v1.4.2\\server.bundle.js"],"optionalArgs":[],"joinArgs":false} {"metadata":{"emulator":{"name":"ui"},"message":"Starting Emulator UI with command {\"binary\":\"node\",\"args\":[\"C:\\\\Users\\\\Dawid\\\\.cache\\\\firebase\\\\emulators\\\\ui-v1.4.2\\\\server.bundle.js\"],\"optionalArgs\":[],\"joinArgs\":false}"}}
[info] i  ui: Emulator UI logging to ui-debug.log {"metadata":{"emulator":{"name":"ui"},"message":"Emulator UI logging to \u001b[1mui-debug.log\u001b[22m"}}
[debug] [2021-04-06T23:43:11.526Z] Web / API server started at http://localhost:4000
 {"metadata":{"emulator":{"name":"ui"},"message":"Web / API server started at http://localhost:4000\n"}}
[info] i  functions: Watching "C:\Users\Dawid\Desktop\amazon-clone\amazon-clone\functions" for Cloud Functions... {"metadata":{"emulator":{"name":"functions"},"message":"Watching \"C:\\Users\\Dawid\\Desktop\\amazon-clone\\amazon-clone\\functions\" for Cloud Functions..."}}
[debug] [2021-04-06T23:43:12.035Z] [worker-pool] addWorker(~diagnostic~) {"metadata":{"emulator":{"name":"functions"},"message":"[worker-pool] addWorker(~diagnostic~)"}}
[debug] [2021-04-06T23:43:12.035Z] [worker-pool] Adding worker with key ~diagnostic~, total=1 {"metadata":{"emulator":{"name":"functions"},"message":"[worker-pool] Adding worker with key ~diagnostic~, total=1"}}
[debug] [2021-04-06T23:43:12.035Z] [worker-pool] submitWork(triggerId=) {"metadata":{"emulator":{"name":"functions"},"message":"[worker-pool] submitWork(triggerId=)"}}
[debug] [2021-04-06T23:43:12.035Z] [worker-~diagnostic~-7b7ffc50-5116-4a42-9365-7cbd8cb80716]: Assigning socketPath: \\?\pipe\C:\Users\Dawid\Desktop\amazon-clone\amazon-clone\functions\21928 {"metadata":{"emulator":{"name":"functions"},"message":"[worker-~diagnostic~-7b7ffc50-5116-4a42-9365-7cbd8cb80716]: Assigning socketPath: \\\\?\\pipe\\C:\\Users\\Dawid\\Desktop\\amazon-clone\\amazon-clone\\functions\\21928"}}
[debug] [2021-04-06T23:43:12.035Z] [worker-~diagnostic~-7b7ffc50-5116-4a42-9365-7cbd8cb80716]: BUSY {"metadata":{"emulator":{"name":"functions"},"message":"[worker-~diagnostic~-7b7ffc50-5116-4a42-9365-7cbd8cb80716]: BUSY"}}
[debug] [2021-04-06T23:43:12.215Z] [runtime-status] [21928] Functions runtime initialized. {"cwd":"C:\\Users\\Dawid\\Desktop\\amazon-clone\\amazon-clone\\functions","node_version":"12.18.3"} {"metadata":{"emulator":{"name":"functions"},"message":"[runtime-status] [21928] Functions runtime initialized. {\"cwd\":\"C:\\\\Users\\\\Dawid\\\\Desktop\\\\amazon-clone\\\\amazon-clone\\\\functions\",\"node_version\":\"12.18.3\"}"}}
[debug] [2021-04-06T23:43:12.215Z] [runtime-status] [21928] Disabled runtime features: undefined {"metadata":{"emulator":{"name":"functions"},"message":"[runtime-status] [21928] Disabled runtime features: undefined"}}
[debug] [2021-04-06T23:43:12.218Z] [runtime-status] [21928] Resolved module firebase-admin {"declared":true,"installed":true,"version":"9.6.0","resolution":"C:\\Users\\Dawid\\Desktop\\amazon-clone\\amazon-clone\\functions\\node_modules\\firebase-admin\\lib\\index.js"} {"metadata":{"emulator":{"name":"functions"},"message":"[runtime-status] [21928] Resolved module firebase-admin {\"declared\":true,\"installed\":true,\"version\":\"9.6.0\",\"resolution\":\"C:\\\\Users\\\\Dawid\\\\Desktop\\\\amazon-clone\\\\amazon-clone\\\\functions\\\\node_modules\\\\firebase-admin\\\\lib\\\\index.js\"}"}}
[debug] [2021-04-06T23:43:12.219Z] [runtime-status] [21928] Resolved module firebase-functions {"declared":true,"installed":true,"version":"3.13.2","resolution":"C:\\Users\\Dawid\\Desktop\\amazon-clone\\amazon-clone\\functions\\node_modules\\firebase-functions\\lib\\index.js"} {"metadata":{"emulator":{"name":"functions"},"message":"[runtime-status] [21928] Resolved module firebase-functions {\"declared\":true,\"installed\":true,\"version\":\"3.13.2\",\"resolution\":\"C:\\\\Users\\\\Dawid\\\\Desktop\\\\amazon-clone\\\\amazon-clone\\\\functions\\\\node_modules\\\\firebase-functions\\\\lib\\\\index.js\"}"}}
[debug] [2021-04-06T23:43:12.220Z] [runtime-status] [21928] Resolved module firebase-functions {"declared":true,"installed":true,"version":"3.13.2","resolution":"C:\\Users\\Dawid\\Desktop\\amazon-clone\\amazon-clone\\functions\\node_modules\\firebase-functions\\lib\\index.js"} {"metadata":{"emulator":{"name":"functions"},"message":"[runtime-status] [21928] Resolved module firebase-functions {\"declared\":true,\"installed\":true,\"version\":\"3.13.2\",\"resolution\":\"C:\\\\Users\\\\Dawid\\\\Desktop\\\\amazon-clone\\\\amazon-clone\\\\functions\\\\node_modules\\\\firebase-functions\\\\lib\\\\index.js\"}"}}
[debug] [2021-04-06T23:43:12.221Z] [runtime-status] [21928] Outgoing network have been stubbed. [{"name":"http","status":"mocked"},{"name":"http","status":"mocked"},{"name":"https","status":"mocked"},{"name":"https","status":"mocked"},{"name":"net","status":"mocked"}] {"metadata":{"emulator":{"name":"functions"},"message":"[runtime-status] [21928] Outgoing network have been stubbed. [{\"name\":\"http\",\"status\":\"mocked\"},{\"name\":\"http\",\"status\":\"mocked\"},{\"name\":\"https\",\"status\":\"mocked\"},{\"name\":\"https\",\"status\":\"mocked\"},{\"name\":\"net\",\"status\":\"mocked\"}]"}}
[debug] [2021-04-06T23:43:12.221Z] [runtime-status] [21928] Resolved module firebase-functions {"declared":true,"installed":true,"version":"3.13.2","resolution":"C:\\Users\\Dawid\\Desktop\\amazon-clone\\amazon-clone\\functions\\node_modules\\firebase-functions\\lib\\index.js"} {"metadata":{"emulator":{"name":"functions"},"message":"[runtime-status] [21928] Resolved module firebase-functions {\"declared\":true,\"installed\":true,\"version\":\"3.13.2\",\"resolution\":\"C:\\\\Users\\\\Dawid\\\\Desktop\\\\amazon-clone\\\\amazon-clone\\\\functions\\\\node_modules\\\\firebase-functions\\\\lib\\\\index.js\"}"}}
[debug] [2021-04-06T23:43:12.258Z] [runtime-status] [21928] Checked functions.config() {"config":{}} {"metadata":{"emulator":{"name":"functions"},"message":"[runtime-status] [21928] Checked functions.config() {\"config\":{}}"}}
[debug] [2021-04-06T23:43:12.258Z] [runtime-status] [21928] firebase-functions has been stubbed. {"functionsResolution":{"declared":true,"installed":true,"version":"3.13.2","resolution":"C:\\Users\\Dawid\\Desktop\\amazon-clone\\amazon-clone\\functions\\node_modules\\firebase-functions\\lib\\index.js"}} {"metadata":{"emulator":{"name":"functions"},"message":"[runtime-status] [21928] firebase-functions has been stubbed. {\"functionsResolution\":{\"declared\":true,\"installed\":true,\"version\":\"3.13.2\",\"resolution\":\"C:\\\\Users\\\\Dawid\\\\Desktop\\\\amazon-clone\\\\amazon-clone\\\\functions\\\\node_modules\\\\firebase-functions\\\\lib\\\\index.js\"}}"}}
[debug] [2021-04-06T23:43:12.259Z] [runtime-status] [21928] Resolved module firebase-functions {"declared":true,"installed":true,"version":"3.13.2","resolution":"C:\\Users\\Dawid\\Desktop\\amazon-clone\\amazon-clone\\functions\\node_modules\\firebase-functions\\lib\\index.js"} {"metadata":{"emulator":{"name":"functions"},"message":"[runtime-status] [21928] Resolved module firebase-functions {\"declared\":true,\"installed\":true,\"version\":\"3.13.2\",\"resolution\":\"C:\\\\Users\\\\Dawid\\\\Desktop\\\\amazon-clone\\\\amazon-clone\\\\functions\\\\node_modules\\\\firebase-functions\\\\lib\\\\index.js\"}"}}
[debug] [2021-04-06T23:43:12.259Z] [runtime-status] [21928] Resolved module firebase-admin {"declared":true,"installed":true,"version":"9.6.0","resolution":"C:\\Users\\Dawid\\Desktop\\amazon-clone\\amazon-clone\\functions\\node_modules\\firebase-admin\\lib\\index.js"} {"metadata":{"emulator":{"name":"functions"},"message":"[runtime-status] [21928] Resolved module firebase-admin {\"declared\":true,\"installed\":true,\"version\":\"9.6.0\",\"resolution\":\"C:\\\\Users\\\\Dawid\\\\Desktop\\\\amazon-clone\\\\amazon-clone\\\\functions\\\\node_modules\\\\firebase-admin\\\\lib\\\\index.js\"}"}}
[debug] [2021-04-06T23:43:12.261Z] [runtime-status] [21928] Resolved module firebase-functions {"declared":true,"installed":true,"version":"3.13.2","resolution":"C:\\Users\\Dawid\\Desktop\\amazon-clone\\amazon-clone\\functions\\node_modules\\firebase-functions\\lib\\index.js"} {"metadata":{"emulator":{"name":"functions"},"message":"[runtime-status] [21928] Resolved module firebase-functions {\"declared\":true,\"installed\":true,\"version\":\"3.13.2\",\"resolution\":\"C:\\\\Users\\\\Dawid\\\\Desktop\\\\amazon-clone\\\\amazon-clone\\\\functions\\\\node_modules\\\\firebase-functions\\\\lib\\\\index.js\"}"}}
[debug] [2021-04-06T23:43:12.261Z] [runtime-status] [21928] firebase-admin has been stubbed. {"adminResolution":{"declared":true,"installed":true,"version":"9.6.0","resolution":"C:\\Users\\Dawid\\Desktop\\amazon-clone\\amazon-clone\\functions\\node_modules\\firebase-admin\\lib\\index.js"}} {"metadata":{"emulator":{"name":"functions"},"message":"[runtime-status] [21928] firebase-admin has been stubbed. {\"adminResolution\":{\"declared\":true,\"installed\":true,\"version\":\"9.6.0\",\"resolution\":\"C:\\\\Users\\\\Dawid\\\\Desktop\\\\amazon-clone\\\\amazon-clone\\\\functions\\\\node_modules\\\\firebase-admin\\\\lib\\\\index.js\"}}"}}
[info] +  functions[api]: http function initialized (http://localhost:5001/clone-ba7cf/us-central1/api). {"metadata":{"emulator":{"name":"functions"},"message":"\u001b[1mhttp\u001b[22m function initialized (http://localhost:5001/clone-ba7cf/us-central1/api)."}}
[info] 
┌─────────────────────────────────────────────────────────────┐
│ ✔  All emulators ready! It is now safe to connect your app. │
│ i  View Emulator UI at http://localhost:4000                │
└─────────────────────────────────────────────────────────────┘

┌───────────┬────────────────┬─────────────────────────────────┐
│ Emulator  │ Host:Port      │ View in Emulator UI             │
├───────────┼────────────────┼─────────────────────────────────┤
│ Functions │ localhost:5001 │ http://localhost:4000/functions │
├───────────┼────────────────┼─────────────────────────────────┤
│ Hosting   │ localhost:5000 │ n/a                             │
└───────────┴────────────────┴─────────────────────────────────┘
  Emulator Hub running at localhost:4400
  Other reserved ports: 4500

Issues? Report them at https://github.com/firebase/firebase-tools/issues and attach the *-debug.log files.
 
[debug] [2021-04-06T23:43:12.397Z] [worker-~diagnostic~-7b7ffc50-5116-4a42-9365-7cbd8cb80716]: IDLE {"metadata":{"emulator":{"name":"functions"},"message":"[worker-~diagnostic~-7b7ffc50-5116-4a42-9365-7cbd8cb80716]: IDLE"}}
[debug] [2021-04-06T23:43:21.148Z] File C:\Users\Dawid\Desktop\amazon-clone\amazon-clone\functions\index.js changed, reloading triggers {"metadata":{"emulator":{"name":"functions"},"message":"File C:\\Users\\Dawid\\Desktop\\amazon-clone\\amazon-clone\\functions\\index.js changed, reloading triggers"}}
